mode: set
gitlab.com/slon/shad-go/coverme/app/app.go:25.34,27.2 1 1
gitlab.com/slon/shad-go/coverme/app/app.go:29.33,32.2 2 0
gitlab.com/slon/shad-go/coverme/app/app.go:34.30,40.2 5 1
gitlab.com/slon/shad-go/coverme/app/app.go:42.34,45.2 2 0
gitlab.com/slon/shad-go/coverme/app/app.go:47.62,49.16 2 1
gitlab.com/slon/shad-go/coverme/app/app.go:54.2,54.48 1 1
gitlab.com/slon/shad-go/coverme/app/app.go:49.16,52.3 2 1
gitlab.com/slon/shad-go/coverme/app/app.go:57.65,61.45 3 1
gitlab.com/slon/shad-go/coverme/app/app.go:65.2,65.15 1 1
gitlab.com/slon/shad-go/coverme/app/app.go:67.2,67.21 1 1
gitlab.com/slon/shad-go/coverme/app/app.go:72.2,73.16 2 1
gitlab.com/slon/shad-go/coverme/app/app.go:78.2,78.52 1 1
gitlab.com/slon/shad-go/coverme/app/app.go:61.45,64.3 2 1
gitlab.com/slon/shad-go/coverme/app/app.go:65.15,65.37 1 1
gitlab.com/slon/shad-go/coverme/app/app.go:67.21,70.3 2 1
gitlab.com/slon/shad-go/coverme/app/app.go:73.16,76.3 2 1
gitlab.com/slon/shad-go/coverme/app/app.go:81.65,83.16 2 1
gitlab.com/slon/shad-go/coverme/app/app.go:88.2,89.16 2 1
gitlab.com/slon/shad-go/coverme/app/app.go:94.2,94.47 1 1
gitlab.com/slon/shad-go/coverme/app/app.go:83.16,86.3 2 0
gitlab.com/slon/shad-go/coverme/app/app.go:89.16,92.3 2 1
gitlab.com/slon/shad-go/coverme/app/app.go:97.64,99.2 1 1
